<?xml version="1.0" encoding="UTF-8"?>
<!-- Generated by org.testng.reporters.JUnitReportReporter -->
<testsuite hostname="LAPTOP-FVH68C9V" failures="0" tests="1" name="iq.br.development.SaveAndRetrieveAPIResponse" time="11.834" errors="0" timestamp="2021-08-11T19:45:55 IST" skipped="0">
  <testcase classname="iq.br.development.SaveAndRetrieveAPIResponse" name="captureAndSaveDataInExcel" time="11.834"/>
  <system-out/>
</testsuite> <!-- iq.br.development.SaveAndRetrieveAPIResponse -->
