<?xml version="1.0" encoding="UTF-8"?>
<!-- Generated by org.testng.reporters.JUnitReportReporter -->
<testsuite hostname="LAPTOP-FVH68C9V" failures="0" tests="1" name="iq.br.development.TestQuestions" time="1.328" errors="0" timestamp="2021-08-11T16:47:53 IST" skipped="0">
  <testcase classname="iq.br.development.TestQuestions" name="readFromExcel" time="1.328"/>
  <system-out/>
</testsuite> <!-- iq.br.development.TestQuestions -->
